<?xml version="1.0" encoding="UTF-8"?>
<!-- Generated by org.testng.reporters.JUnitXMLReporter -->
<testsuite hostname="DESKTOP-OJE6PRA" name="testlogin" tests="2" failures="0" timestamp="11 Nov 2017 20:53:29 GMT" time="0.377" errors="0">
  <testcase name="@BeforeClass initializeDriver" time="0.0" classname="com.htc.test.LoginAutomation">
    <failure type="java.lang.NoSuchMethodError" message="com.gargoylesoftware.htmlunit.WebClient.getOptions()Lcom/gargoylesoftware/htmlunit/WebClientOptions;">
      <![CDATA[java.lang.NoSuchMethodError: com.gargoylesoftware.htmlunit.WebClient.getOptions()Lcom/gargoylesoftware/htmlunit/WebClientOptions;
	at org.openqa.selenium.htmlunit.HtmlUnitDriver.createWebClient(HtmlUnitDriver.java:360)
	at org.openqa.selenium.htmlunit.HtmlUnitDriver.<init>(HtmlUnitDriver.java:217)
	at org.openqa.selenium.htmlunit.HtmlUnitDriver.<init>(HtmlUnitDriver.java:207)
	at org.openqa.selenium.htmlunit.HtmlUnitDriver.<init>(HtmlUnitDriver.java:197)
	at com.htc.test.LoginAutomation.initializeDriver(LoginAutomation.java:33)
... Removed 23 stack frames]]>
    </failure>
  </testcase> <!-- @BeforeClass initializeDriver -->
  <testcase name="@AfterClass closedriver" time="0.0" classname="com.htc.test.LoginAutomation">
    <skipped/>
  </testcase> <!-- @AfterClass closedriver -->
  <testcase name="testSuccessLoginLogout" time="0.0" classname="com.htc.test.LoginAutomation">
    <skipped/>
  </testcase> <!-- testSuccessLoginLogout -->
  <testcase name="testSuccessLoginLogout" time="0.0" classname="com.htc.test.LoginAutomation">
    <skipped/>
  </testcase> <!-- testSuccessLoginLogout -->
</testsuite> <!-- testlogin -->
