<?xml version="1.0" encoding="UTF-8"?>
<!-- Generated by org.testng.reporters.JUnitXMLReporter -->
<testsuite hostname="DESKTOP-OJE6PRA" ignored="0" name="testregistration" tests="2" failures="2" timestamp="19 Nov 2017 15:57:21 GMT" time="8.34" errors="0">
  <testcase name="testSuccessLoginLogout" time="2.431" classname="com.htc.test.RegisterAutomation">
    <failure type="java.lang.AssertionError" message="expected [Welcome] but found [HTTP Status 500 – Internal Server Error]">
      <![CDATA[java.lang.AssertionError: expected [Welcome] but found [HTTP Status 500 – Internal Server Error]
	at com.htc.test.RegisterAutomation.testSuccessLoginLogout(RegisterAutomation.java:90)
... Removed 31 stack frames]]>
    </failure>
  </testcase> <!-- testSuccessLoginLogout -->
  <testcase name="testSuccessLoginLogout" time="1.902" classname="com.htc.test.RegisterAutomation">
    <failure type="java.lang.AssertionError" message="expected [Welcome] but found [HTTP Status 500 – Internal Server Error]">
      <![CDATA[java.lang.AssertionError: expected [Welcome] but found [HTTP Status 500 – Internal Server Error]
	at com.htc.test.RegisterAutomation.testSuccessLoginLogout(RegisterAutomation.java:90)
... Removed 31 stack frames]]>
    </failure>
  </testcase> <!-- testSuccessLoginLogout -->
</testsuite> <!-- testregistration -->
