<?xml version="1.0" encoding="UTF-8"?>
<testng-results skipped="4" failed="0" total="4" passed="0">
  <reporter-output>
  </reporter-output>
  <suite name="Mavenspringmvc" duration-ms="401" started-at="2017-11-11T20:53:28Z" finished-at="2017-11-11T20:53:29Z">
    <groups>
    </groups>
    <test name="testlogin" duration-ms="377" started-at="2017-11-11T20:53:28Z" finished-at="2017-11-11T20:53:29Z">
      <class name="com.htc.test.LoginAutomation">
        <test-method status="FAIL" signature="initializeDriver()[pri:0, instance:com.htc.test.LoginAutomation@6debcae2]" name="initializeDriver" is-config="true" duration-ms="0" started-at="2017-11-12T02:23:28Z" finished-at="2017-11-12T02:23:28Z">
          <exception class="java.lang.NoSuchMethodError">
            <message>
              <![CDATA[com.gargoylesoftware.htmlunit.WebClient.getOptions()Lcom/gargoylesoftware/htmlunit/WebClientOptions;]]>
            </message>
            <full-stacktrace>
              <![CDATA[java.lang.NoSuchMethodError: com.gargoylesoftware.htmlunit.WebClient.getOptions()Lcom/gargoylesoftware/htmlunit/WebClientOptions;
	at org.openqa.selenium.htmlunit.HtmlUnitDriver.createWebClient(HtmlUnitDriver.java:360)
	at org.openqa.selenium.htmlunit.HtmlUnitDriver.<init>(HtmlUnitDriver.java:217)
	at org.openqa.selenium.htmlunit.HtmlUnitDriver.<init>(HtmlUnitDriver.java:207)
	at org.openqa.selenium.htmlunit.HtmlUnitDriver.<init>(HtmlUnitDriver.java:197)
	at com.htc.test.LoginAutomation.initializeDriver(LoginAutomation.java:33)
	at sun.reflect.NativeMethodAccessorImpl.invoke0(Native Method)
	at sun.reflect.NativeMethodAccessorImpl.invoke(NativeMethodAccessorImpl.java:62)
	at sun.reflect.DelegatingMethodAccessorImpl.invoke(DelegatingMethodAccessorImpl.java:43)
	at java.lang.reflect.Method.invoke(Method.java:498)
	at org.testng.internal.MethodInvocationHelper.invokeMethod(MethodInvocationHelper.java:85)
	at org.testng.internal.Invoker.invokeConfigurationMethod(Invoker.java:510)
	at org.testng.internal.Invoker.invokeConfigurations(Invoker.java:211)
	at org.testng.internal.Invoker.invokeConfigurations(Invoker.java:138)
	at org.testng.internal.TestMethodWorker.invokeBeforeClassMethods(TestMethodWorker.java:170)
	at org.testng.internal.TestMethodWorker.run(TestMethodWorker.java:104)
	at org.testng.TestRunner.privateRun(TestRunner.java:774)
	at org.testng.TestRunner.run(TestRunner.java:624)
	at org.testng.SuiteRunner.runTest(SuiteRunner.java:359)
	at org.testng.SuiteRunner.runSequentially(SuiteRunner.java:354)
	at org.testng.SuiteRunner.privateRun(SuiteRunner.java:312)
	at org.testng.SuiteRunner.run(SuiteRunner.java:261)
	at org.testng.SuiteRunnerWorker.runSuite(SuiteRunnerWorker.java:52)
	at org.testng.SuiteRunnerWorker.run(SuiteRunnerWorker.java:86)
	at org.testng.TestNG.runSuitesSequentially(TestNG.java:1215)
	at org.testng.TestNG.runSuitesLocally(TestNG.java:1140)
	at org.testng.TestNG.run(TestNG.java:1048)
	at org.testng.TestNG.privateMain(TestNG.java:1355)
	at org.testng.TestNG.main(TestNG.java:1324)
]]>
            </full-stacktrace>
          </exception> <!-- java.lang.NoSuchMethodError -->
          <reporter-output>
          </reporter-output>
        </test-method> <!-- initializeDriver -->
        <test-method status="SKIP" signature="testSuccessLoginLogout(java.lang.String, java.lang.String)[pri:0, instance:com.htc.test.LoginAutomation@6debcae2]" name="testSuccessLoginLogout" duration-ms="0" started-at="2017-11-12T02:23:29Z" data-provider="validLoginData" finished-at="2017-11-12T02:23:29Z">
          <params>
            <param index="0">
              <value>
                <![CDATA[Gopi]]>
              </value>
            </param>
            <param index="1">
              <value>
                <![CDATA[password]]>
              </value>
            </param>
          </params>
          <reporter-output>
          </reporter-output>
        </test-method> <!-- testSuccessLoginLogout -->
        <test-method status="SKIP" signature="testSuccessLoginLogout(java.lang.String, java.lang.String)[pri:0, instance:com.htc.test.LoginAutomation@6debcae2]" name="testSuccessLoginLogout" duration-ms="0" started-at="2017-11-12T02:23:29Z" data-provider="validLoginData" finished-at="2017-11-12T02:23:29Z">
          <params>
            <param index="0">
              <value>
                <![CDATA[sayooj]]>
              </value>
            </param>
            <param index="1">
              <value>
                <![CDATA[123Welcome]]>
              </value>
            </param>
          </params>
          <reporter-output>
          </reporter-output>
        </test-method> <!-- testSuccessLoginLogout -->
        <test-method status="SKIP" signature="closedriver()[pri:0, instance:com.htc.test.LoginAutomation@6debcae2]" name="closedriver" is-config="true" duration-ms="0" started-at="2017-11-12T02:23:29Z" finished-at="2017-11-12T02:23:29Z">
          <reporter-output>
          </reporter-output>
        </test-method> <!-- closedriver -->
      </class> <!-- com.htc.test.LoginAutomation -->
    </test> <!-- testlogin -->
    <test name="testregistration" duration-ms="1" started-at="2017-11-11T20:53:29Z" finished-at="2017-11-11T20:53:29Z">
      <class name="com.htc.test.RegisterAutomation">
        <test-method status="FAIL" signature="initializeDriver()[pri:0, instance:com.htc.test.RegisterAutomation@4c203ea1]" name="initializeDriver" is-config="true" duration-ms="0" started-at="2017-11-12T02:23:29Z" finished-at="2017-11-12T02:23:29Z">
          <exception class="java.lang.NoSuchMethodError">
            <message>
              <![CDATA[com.gargoylesoftware.htmlunit.WebClient.getOptions()Lcom/gargoylesoftware/htmlunit/WebClientOptions;]]>
            </message>
            <full-stacktrace>
              <![CDATA[java.lang.NoSuchMethodError: com.gargoylesoftware.htmlunit.WebClient.getOptions()Lcom/gargoylesoftware/htmlunit/WebClientOptions;
	at org.openqa.selenium.htmlunit.HtmlUnitDriver.createWebClient(HtmlUnitDriver.java:360)
	at org.openqa.selenium.htmlunit.HtmlUnitDriver.<init>(HtmlUnitDriver.java:217)
	at org.openqa.selenium.htmlunit.HtmlUnitDriver.<init>(HtmlUnitDriver.java:207)
	at org.openqa.selenium.htmlunit.HtmlUnitDriver.<init>(HtmlUnitDriver.java:197)
	at com.htc.test.RegisterAutomation.initializeDriver(RegisterAutomation.java:34)
	at sun.reflect.NativeMethodAccessorImpl.invoke0(Native Method)
	at sun.reflect.NativeMethodAccessorImpl.invoke(NativeMethodAccessorImpl.java:62)
	at sun.reflect.DelegatingMethodAccessorImpl.invoke(DelegatingMethodAccessorImpl.java:43)
	at java.lang.reflect.Method.invoke(Method.java:498)
	at org.testng.internal.MethodInvocationHelper.invokeMethod(MethodInvocationHelper.java:85)
	at org.testng.internal.Invoker.invokeConfigurationMethod(Invoker.java:510)
	at org.testng.internal.Invoker.invokeConfigurations(Invoker.java:211)
	at org.testng.internal.Invoker.invokeConfigurations(Invoker.java:138)
	at org.testng.internal.TestMethodWorker.invokeBeforeClassMethods(TestMethodWorker.java:170)
	at org.testng.internal.TestMethodWorker.run(TestMethodWorker.java:104)
	at org.testng.TestRunner.privateRun(TestRunner.java:774)
	at org.testng.TestRunner.run(TestRunner.java:624)
	at org.testng.SuiteRunner.runTest(SuiteRunner.java:359)
	at org.testng.SuiteRunner.runSequentially(SuiteRunner.java:354)
	at org.testng.SuiteRunner.privateRun(SuiteRunner.java:312)
	at org.testng.SuiteRunner.run(SuiteRunner.java:261)
	at org.testng.SuiteRunnerWorker.runSuite(SuiteRunnerWorker.java:52)
	at org.testng.SuiteRunnerWorker.run(SuiteRunnerWorker.java:86)
	at org.testng.TestNG.runSuitesSequentially(TestNG.java:1215)
	at org.testng.TestNG.runSuitesLocally(TestNG.java:1140)
	at org.testng.TestNG.run(TestNG.java:1048)
	at org.testng.TestNG.privateMain(TestNG.java:1355)
	at org.testng.TestNG.main(TestNG.java:1324)
]]>
            </full-stacktrace>
          </exception> <!-- java.lang.NoSuchMethodError -->
          <reporter-output>
          </reporter-output>
        </test-method> <!-- initializeDriver -->
        <test-method status="SKIP" signature="testSuccessLoginLogout(java.lang.String, java.lang.String, java.lang.String, java.lang.String, java.lang.String, java.lang.String, int)[pri:0, instance:com.htc.test.RegisterAutomation@4c203ea1]" name="testSuccessLoginLogout" duration-ms="0" started-at="2017-11-12T02:23:29Z" data-provider="registeruser" finished-at="2017-11-12T02:23:29Z">
          <params>
            <param index="0">
              <value>
                <![CDATA[jithu]]>
              </value>
            </param>
            <param index="1">
              <value>
                <![CDATA[123Welcome]]>
              </value>
            </param>
            <param index="2">
              <value>
                <![CDATA[jithu]]>
              </value>
            </param>
            <param index="3">
              <value>
                <![CDATA[raj]]>
              </value>
            </param>
            <param index="4">
              <value>
                <![CDATA[jithu666@gmail.com]]>
              </value>
            </param>
            <param index="5">
              <value>
                <![CDATA[ddsa]]>
              </value>
            </param>
            <param index="6">
              <value>
                <![CDATA[989509316]]>
              </value>
            </param>
          </params>
          <reporter-output>
          </reporter-output>
        </test-method> <!-- testSuccessLoginLogout -->
        <test-method status="SKIP" signature="testSuccessLoginLogout(java.lang.String, java.lang.String, java.lang.String, java.lang.String, java.lang.String, java.lang.String, int)[pri:0, instance:com.htc.test.RegisterAutomation@4c203ea1]" name="testSuccessLoginLogout" duration-ms="0" started-at="2017-11-12T02:23:29Z" data-provider="registeruser" finished-at="2017-11-12T02:23:29Z">
          <params>
            <param index="0">
              <value>
                <![CDATA[sachin]]>
              </value>
            </param>
            <param index="1">
              <value>
                <![CDATA[password]]>
              </value>
            </param>
            <param index="2">
              <value>
                <![CDATA[Sachin]]>
              </value>
            </param>
            <param index="3">
              <value>
                <![CDATA[HH]]>
              </value>
            </param>
            <param index="4">
              <value>
                <![CDATA[sachin77@gmail.com]]>
              </value>
            </param>
            <param index="5">
              <value>
                <![CDATA[dsadd]]>
              </value>
            </param>
            <param index="6">
              <value>
                <![CDATA[898877697]]>
              </value>
            </param>
          </params>
          <reporter-output>
          </reporter-output>
        </test-method> <!-- testSuccessLoginLogout -->
        <test-method status="SKIP" signature="closedriver()[pri:0, instance:com.htc.test.RegisterAutomation@4c203ea1]" name="closedriver" is-config="true" duration-ms="0" started-at="2017-11-12T02:23:29Z" finished-at="2017-11-12T02:23:29Z">
          <reporter-output>
          </reporter-output>
        </test-method> <!-- closedriver -->
      </class> <!-- com.htc.test.RegisterAutomation -->
    </test> <!-- testregistration -->
  </suite> <!-- Mavenspringmvc -->
</testng-results>
